app/build/outputs/logs/manifest-merger-debug-report.txt
-- Merging decision tree log ---
manifest
ADDED from src/main/AndroidManifest.xml:2:1-52:12
	package
		ADDED from src/main/AndroidManifest.xml:3:5-34
		INJECTED from src/main/AndroidManifest.xml
		INJECTED from src/main/AndroidManifest.xml
	android:versionName
		INJECTED from src/main/AndroidManifest.xml
		INJECTED from src/main/AndroidManifest.xml
	xmlns:android
		ADDED from src/main/AndroidManifest.xml:2:11-69
	android:versionCode
		INJECTED from src/main/AndroidManifest.xml
		INJECTED from src/main/AndroidManifest.xml
uses-permission#android.permission.WRITE_EXTERNAL_STORAGE
ADDED from src/main/AndroidManifest.xml:5:5-81
	android:name
		ADDED from src/main/AndroidManifest.xml:5:22-78
uses-permission#android.permission.READ_EXTERNAL_STORAGE
ADDED from src/main/AndroidManifest.xml:6:5-80
	android:name
		ADDED from src/main/AndroidManifest.xml:6:22-77
application
ADDED from src/main/AndroidManifest.xml:8:5-50:19
MERGED from [com.android.support:design:23.4.0] AndroidManifest.xml:22:5-20
MERGED from [com.android.support:support-v4:23.4.0] AndroidManifest.xml:22:5-20
MERGED from [com.android.support:appcompat-v7:23.4.0] AndroidManifest.xml:25:5-20
MERGED from [com.android.support:animated-vector-drawable:23.4.0] AndroidManifest.xml:7:5-20
MERGED from [com.android.support:support-vector-drawable:23.4.0] AndroidManifest.xml:7:5-20
	android:label
		ADDED from src/main/AndroidManifest.xml:11:9-41
	android:supportsRtl
		ADDED from src/main/AndroidManifest.xml:12:9-35
	android:allowBackup
		ADDED from src/main/AndroidManifest.xml:9:9-35
	android:icon
		ADDED from src/main/AndroidManifest.xml:10:9-43
	android:theme
		ADDED from src/main/AndroidManifest.xml:13:9-40
activity#com.cei.sdbg.resume.WelcomeActivity
ADDED from src/main/AndroidManifest.xml:14:9-25:20
	android:screenOrientation
		ADDED from src/main/AndroidManifest.xml:18:13-49
	android:label
		ADDED from src/main/AndroidManifest.xml:16:13-45
	android:theme
		ADDED from src/main/AndroidManifest.xml:17:13-56
	android:name
		ADDED from src/main/AndroidManifest.xml:15:13-44
intent-filter#android.intent.action.MAIN+android.intent.category.LAUNCHER
ADDED from src/main/AndroidManifest.xml:20:13-24:29
action#android.intent.action.MAIN
ADDED from src/main/AndroidManifest.xml:21:17-69
	android:name
		ADDED from src/main/AndroidManifest.xml:21:25-66
category#android.intent.category.LAUNCHER
ADDED from src/main/AndroidManifest.xml:23:17-77
	android:name
		ADDED from src/main/AndroidManifest.xml:23:27-74
activity#com.cei.sdbg.resume.AgreementActivity
ADDED from src/main/AndroidManifest.xml:26:9-29:65
	android:screenOrientation
		ADDED from src/main/AndroidManifest.xml:28:13-49
	android:theme
		ADDED from src/main/AndroidManifest.xml:29:13-62
	android:name
		ADDED from src/main/AndroidManifest.xml:27:13-46
activity#com.cei.sdbg.resume.BasicInfoActivity
ADDED from src/main/AndroidManifest.xml:30:9-34:65
	android:screenOrientation
		ADDED from src/main/AndroidManifest.xml:32:13-49
	android:windowSoftInputMode
		ADDED from src/main/AndroidManifest.xml:33:13-67
	android:theme
		ADDED from src/main/AndroidManifest.xml:34:13-62
	android:name
		ADDED from src/main/AndroidManifest.xml:31:13-46
activity#com.cei.sdbg.resume.EducationActivity
ADDED from src/main/AndroidManifest.xml:35:9-39:65
	android:screenOrientation
		ADDED from src/main/AndroidManifest.xml:37:13-49
	android:windowSoftInputMode
		ADDED from src/main/AndroidManifest.xml:38:13-67
	android:theme
		ADDED from src/main/AndroidManifest.xml:39:13-62
	android:name
		ADDED from src/main/AndroidManifest.xml:36:13-46
activity#com.cei.sdbg.resume.WorkActivity
ADDED from src/main/AndroidManifest.xml:40:9-43:65
	android:screenOrientation
		ADDED from src/main/AndroidManifest.xml:42:13-49
	android:theme
		ADDED from src/main/AndroidManifest.xml:43:13-62
	android:name
		ADDED from src/main/AndroidManifest.xml:41:13-41
activity#com.cei.sdbg.resume.ReviewActivity
ADDED from src/main/AndroidManifest.xml:44:9-46:64
	android:screenOrientation
		ADDED from src/main/AndroidManifest.xml:45:13-49
	android:theme
		ADDED from src/main/AndroidManifest.xml:46:13-62
	android:name
		ADDED from src/main/AndroidManifest.xml:44:19-49
activity#com.cei.sdbg.resume.CompleteActivity
ADDED from src/main/AndroidManifest.xml:47:9-49:64
	android:screenOrientation
		ADDED from src/main/AndroidManifest.xml:48:13-49
	android:theme
		ADDED from src/main/AndroidManifest.xml:49:13-62
	android:name
		ADDED from src/main/AndroidManifest.xml:47:19-51
uses-sdk
INJECTED from src/main/AndroidManifest.xml reason: use-sdk injection requested
MERGED from [com.android.support:design:23.4.0] AndroidManifest.xml:20:5-43
MERGED from [com.android.support:recyclerview-v7:23.4.0] AndroidManifest.xml:20:5-43
MERGED from [com.android.support:support-v4:23.4.0] AndroidManifest.xml:20:5-43
MERGED from [com.android.support:appcompat-v7:23.4.0] AndroidManifest.xml:21:5-23:78
MERGED from [com.android.support:animated-vector-drawable:23.4.0] AndroidManifest.xml:5:5-44
MERGED from [com.android.support:support-vector-drawable:23.4.0] AndroidManifest.xml:5:5-43
	tools:overrideLibrary
		ADDED from [com.android.support:appcompat-v7:23.4.0] AndroidManifest.xml:23:9-75
	android:targetSdkVersion
		INJECTED from src/main/AndroidManifest.xml
		INJECTED from src/main/AndroidManifest.xml
	android:minSdkVersion
		INJECTED from src/main/AndroidManifest.xml
		INJECTED from src/main/AndroidManifest.xml